<?xml version="1.0" encoding="UTF-8"?>
<!-- Generated by org.testng.reporters.JUnitReportReporter -->
<testsuite hostname="DESKTOP-Q2RM1HI" failures="0" tests="1" name="basicTest.LogIn" time="1.012" errors="0" timestamp="2021-12-22T22:55:15 IST" skipped="0">
  <testcase classname="basicTest.LogIn" name="Log" time="1.012"/>
</testsuite> <!-- basicTest.LogIn -->
