<?xml version="1.0" encoding="UTF-8"?>
<!-- Generated by org.testng.reporters.JUnitReportReporter -->
<testsuite hostname="DESKTOP-Q2RM1HI" failures="0" tests="3" name="dataDrivenTest.LoginHrmTest" time="9.148" errors="0" timestamp="2021-12-22T22:54:16 IST" skipped="0">
  <testcase classname="dataDrivenTest.LoginHrmTest" name="logIn" time="3.137"/>
  <testcase classname="dataDrivenTest.LoginHrmTest" name="logIn" time="2.982"/>
  <testcase classname="dataDrivenTest.LoginHrmTest" name="logIn" time="3.029"/>
</testsuite> <!-- dataDrivenTest.LoginHrmTest -->
