<?xml version="1.0" encoding="UTF-8"?>
<!-- Generated by org.testng.reporters.JUnitReportReporter -->
<testsuite hostname="DESKTOP-Q2RM1HI" failures="0" tests="1" name="handelcontrol.modal" time="3.573" errors="0" timestamp="2021-12-22T12:25:20 IST" skipped="0">
  <testcase classname="handelcontrol.modal" name="modal" time="3.573"/>
</testsuite> <!-- handelcontrol.modal -->
