<?xml version="1.0" encoding="UTF-8"?>
<!-- Generated by org.testng.reporters.JUnitReportReporter -->
<testsuite hostname="DESKTOP-Q2RM1HI" failures="0" tests="1" name="log4j.Login" time="4.641" errors="0" timestamp="2021-12-23T23:15:24 IST" skipped="0">
  <testcase classname="log4j.Login" name="login" time="4.641"/>
</testsuite> <!-- log4j.Login -->
