<?xml version="1.0" encoding="UTF-8"?>
<!-- Generated by org.testng.reporters.JUnitReportReporter -->
<testsuite hostname="DESKTOP-Q2RM1HI" failures="0" tests="1" name="testExample.Search_CustomerTest" time="13.863" errors="0" timestamp="2022-01-08T20:59:29 IST" skipped="0">
  <testcase classname="testExample.Search_CustomerTest" name="search_cust" time="13.863"/>
</testsuite> <!-- testExample.Search_CustomerTest -->
