<?xml version="1.0" encoding="UTF-8"?>
<!-- Generated by org.testng.reporters.JUnitReportReporter -->
<testsuite hostname="DESKTOP-Q2RM1HI" failures="0" tests="2" name="excerciesHeadelessMode.TestngAnnotation" time="0.011" errors="0" timestamp="2021-12-22T15:50:15 IST" skipped="0">
  <testcase classname="excerciesHeadelessMode.TestngAnnotation" name="logOut" time="0.003"/>
  <testcase classname="excerciesHeadelessMode.TestngAnnotation" name="Login" time="0.008"/>
</testsuite> <!-- excerciesHeadelessMode.TestngAnnotation -->
