<?xml version="1.0" encoding="UTF-8"?>
<!-- Generated by org.testng.reporters.JUnitReportReporter -->
<testsuite hostname="DESKTOP-Q2RM1HI" failures="0" tests="1" name="excerciesHeadelessMode.GoogleTest" time="7.380" errors="0" timestamp="2021-12-22T15:36:14 IST" skipped="0">
  <testcase classname="excerciesHeadelessMode.GoogleTest" name="openApp" time="7.380"/>
</testsuite> <!-- excerciesHeadelessMode.GoogleTest -->
