<?xml version="1.0" encoding="UTF-8"?>
<!-- Generated by org.testng.reporters.JUnitReportReporter -->
<testsuite hostname="DESKTOP-Q2RM1HI" failures="0" tests="4" name="testExample.LoginTest" time="6.404" errors="0" timestamp="2022-01-08T20:59:29 IST" skipped="0">
  <testcase classname="testExample.LoginTest" name="verifyLogo" time="0.121"/>
  <testcase classname="testExample.LoginTest" name="verifyTitle" time="0.015"/>
  <testcase classname="testExample.LoginTest" name="login" time="5.252"/>
  <testcase classname="testExample.LoginTest" name="logout" time="1.016"/>
</testsuite> <!-- testExample.LoginTest -->
