<?xml version="1.0" encoding="UTF-8"?>
<!-- Generated by org.testng.reporters.JUnitReportReporter -->
<testsuite hostname="DESKTOP-Q2RM1HI" failures="0" tests="1" name="testExample.AddTest" time="13.608" errors="0" timestamp="2022-01-08T20:59:29 IST" skipped="0">
  <testcase classname="testExample.AddTest" name="addCustomer" time="13.608"/>
</testsuite> <!-- testExample.AddTest -->
