<?xml version="1.0" encoding="UTF-8"?>
<!-- Generated by org.testng.reporters.JUnitReportReporter -->
<testsuite hostname="DESKTOP-Q2RM1HI" failures="0" tests="1" name="javascriptEample.MyntraTest" time="0.000" errors="0" timestamp="2021-12-21T12:41:30 IST" skipped="0">
  <testcase classname="javascriptEample.MyntraTest" name="myntraScroll" time="0.000"/>
</testsuite> <!-- javascriptEample.MyntraTest -->
