<?xml version="1.0" encoding="UTF-8"?>
<!-- Generated by org.testng.reporters.JUnitReportReporter -->
<testsuite skipped="4" hostname="DESKTOP-Q2RM1HI" name="testExample.AddTest" tests="4" failures="0" timestamp="2022-01-08T22:18:41 IST" time="53.300" errors="0">
  <testcase name="addCustomer" time="10.070" classname="testExample.AddTest">
    <skipped/>
  </testcase> <!-- addCustomer -->
  <testcase name="addCustomer" time="10.057" classname="testExample.AddTest">
    <skipped/>
  </testcase> <!-- addCustomer -->
  <testcase name="addCustomer" time="10.031" classname="testExample.AddTest">
    <skipped/>
  </testcase> <!-- addCustomer -->
  <testcase name="addCustomer" time="23.142" classname="testExample.AddTest">
    <skipped/>
  </testcase> <!-- addCustomer -->
</testsuite> <!-- testExample.AddTest -->
