<?xml version="1.0" encoding="UTF-8"?>
<!-- Generated by org.testng.reporters.JUnitReportReporter -->
<testsuite skipped="4" hostname="DESKTOP-Q2RM1HI" name="testExample.Search_CustomerTest" tests="4" failures="0" timestamp="2022-01-08T22:18:41 IST" time="51.155" errors="0">
  <testcase name="search_cust" time="10.060" classname="testExample.Search_CustomerTest">
    <skipped/>
  </testcase> <!-- search_cust -->
  <testcase name="search_cust" time="21.006" classname="testExample.Search_CustomerTest">
    <skipped/>
  </testcase> <!-- search_cust -->
  <testcase name="search_cust" time="10.074" classname="testExample.Search_CustomerTest">
    <skipped/>
  </testcase> <!-- search_cust -->
  <testcase name="search_cust" time="10.015" classname="testExample.Search_CustomerTest">
    <skipped/>
  </testcase> <!-- search_cust -->
</testsuite> <!-- testExample.Search_CustomerTest -->
