<?xml version="1.0" encoding="UTF-8"?>
<!-- Generated by org.testng.reporters.JUnitReportReporter -->
<testsuite hostname="DESKTOP-Q2RM1HI" failures="0" tests="1" name="actionConcept.ActionExample" time="2.581" errors="0" timestamp="2021-12-21T13:07:56 IST" skipped="0">
  <testcase classname="actionConcept.ActionExample" name="dragDrop" time="2.581"/>
</testsuite> <!-- actionConcept.ActionExample -->
