<?xml version="1.0" encoding="UTF-8"?>
<!-- Generated by org.testng.reporters.JUnitReportReporter -->
<testsuite hostname="DESKTOP-Q2RM1HI" failures="0" tests="1" name="javascriptEample.AmezonTest" time="0.231" errors="0" timestamp="2021-12-21T13:07:56 IST" skipped="0">
  <testcase classname="javascriptEample.AmezonTest" name="amz" time="0.231"/>
</testsuite> <!-- javascriptEample.AmezonTest -->
