<?xml version="1.0" encoding="UTF-8"?>
<!-- Generated by org.testng.reporters.JUnitReportReporter -->
<testsuite skipped="0" hostname="DESKTOP-Q2RM1HI" name="testExample.LoginTest" tests="4" failures="0" timestamp="2022-01-08T22:18:41 IST" time="11.441" errors="0">
  <testcase name="verifyLogo" time="0.170" classname="testExample.LoginTest"/>
  <testcase name="verifyTitle" time="0.018" classname="testExample.LoginTest"/>
  <testcase name="login" time="10.489" classname="testExample.LoginTest"/>
  <testcase name="logout" time="0.764" classname="testExample.LoginTest"/>
</testsuite> <!-- testExample.LoginTest -->
